23:20:53 **** Incremental Build of configuration Debug for project Master_MCU ****
make all 
Building file: ../MCAL/DIO.c
Invoking: AVR Compiler
avr-gcc -Wall -g2 -gstabs -O0 -fpack-struct -fshort-enums -ffunction-sections -fdata-sections -std=gnu99 -funsigned-char -funsigned-bitfields -mmcu=atmega16 -DF_CPU=1000000UL -MMD -MP -MF"MCAL/DIO.d" -MT"MCAL/DIO.o" -c -o "MCAL/DIO.o" "../MCAL/DIO.c"
Finished building: ../MCAL/DIO.c
 
Building file: ../APP/main.c
Invoking: AVR Compiler
avr-gcc -Wall -g2 -gstabs -O0 -fpack-struct -fshort-enums -ffunction-sections -fdata-sections -std=gnu99 -funsigned-char -funsigned-bitfields -mmcu=atmega16 -DF_CPU=1000000UL -MMD -MP -MF"APP/main.d" -MT"APP/main.o" -c -o "APP/main.o" "../APP/main.c"
In file included from ../APP/main.c:10:
d:/winavr-20100110/lib/gcc/../../avr/include/util/delay.h:90:3: warning: #warning "Compiler optimizations disabled; functions from <util/delay.h> won't work as designed"
../APP/main.c:11: warning: return type of 'main' is not 'int'
Finished building: ../APP/main.c
 
Building target: Master_MCU.elf
Invoking: AVR C Linker
avr-gcc -Wl,-Map,Master_MCU.map -mmcu=atmega16 -o "Master_MCU.elf"  ./MCAL/DIO.o  ./APP/main.o   
Finished building target: Master_MCU.elf
 
Invoking: AVR Create Extended Listing
avr-objdump -h -S Master_MCU.elf  >"Master_MCU.lss"
Finished building: Master_MCU.lss
 
Create Flash image (ihex format)
avr-objcopy -R .eeprom -R .fuse -R .lock -R .signature -O ihex Master_MCU.elf  "Master_MCU.hex"
Finished building: Master_MCU.hex
 
Invoking: Print Size
avr-size --format=avr --mcu=atmega16 Master_MCU.elf
AVR Memory Usage
----------------
Device: atmega16

Program:    5068 bytes (30.9% Full)
(.text + .data + .bootloader)

Data:          8 bytes (0.8% Full)
(.data + .bss + .noinit)


Finished building: sizedummy
 

23:20:55 Build Finished. 0 errors, 2 warnings. (took 1s.991ms)

